<?xml version="1.0" encoding="UTF-8"?>
<testsuite xmlns:xsi="http://www.w3.org/2001/XMLSchema-instance" xsi:noNamespaceSchemaLocation="https://maven.apache.org/surefire/maven-surefire-plugin/xsd/surefire-test-report.xsd" version="3.0.2" name="br.ufscar.dc.dsw.GameTesterSystemApplicationTests" time="8.314" tests="1" errors="0" skipped="0" failures="0">
  <properties>
[...]
</properties>
  <testcase name="contextLoads" classname="br.ufscar.dc.dsw.GameTesterSystemApplicationTests" time="0.592">
    <system-out><![CDATA[20:54:26.021 [main] INFO org.springframework.test.context.support.AnnotationConfigContextLoaderUtils -- Could not detect default configuration classes for test class [br.ufscar.dc.dsw.GameTesterSystemApplicationTests]: GameTesterSystemApplicationTests does not declare any static, non-private, non-final, nested classes annotated with @Configuration.
20:54:26.203 [main] INFO org.springframework.boot.test.context.SpringBootTestContextBootstrapper -- Found @SpringBootConfiguration br.ufscar.dc.dsw.GameTesterSystemApplication for test class br.ufscar.dc.dsw.GameTesterSystemApplicationTests
20:54:26.414 [main] INFO org.springframework.boot.devtools.restart.RestartApplicationListener -- Restart disabled due to context in which it is running

  .   ____          _            __ _ _
 /\\ / ___'_ __ _ _(_)_ __  __ _ \ \ \ \
( ( )\___ | '_ | '_| | '_ \/ _` | \ \ \ \
 \\/  ___)| |_)| | | | | || (_| |  ) ) ) )
  '  |____| .__|_| |_|_| |_\__, | / / / /
 =========|_|==============|___/=/_/_/_/

 :: Spring Boot ::                (v3.5.0)

2025-06-17T20:54:26.844-03:00  INFO 35302 --- [gametester-system] [           main] b.u.d.d.GameTesterSystemApplicationTests : Starting GameTesterSystemApplicationTests using Java 21.0.6 with PID 35302 (started by luiz in /home/luiz/Downloads/game-tester-system)
2025-06-17T20:54:26.846-03:00  INFO 35302 --- [gametester-system] [           main] b.u.d.d.GameTesterSystemApplicationTests : No active profile set, falling back to 1 default profile: "default"
2025-06-17T20:54:27.860-03:00  INFO 35302 --- [gametester-system] [           main] .s.d.r.c.RepositoryConfigurationDelegate : Bootstrapping Spring Data JPA repositories in DEFAULT mode.
2025-06-17T20:54:27.958-03:00  INFO 35302 --- [gametester-system] [           main] .s.d.r.c.RepositoryConfigurationDelegate : Finished Spring Data repository scanning in 83 ms. Found 5 JPA repository interfaces.
2025-06-17T20:54:28.638-03:00  INFO 35302 --- [gametester-system] [           main] com.zaxxer.hikari.HikariDataSource       : HikariPool-1 - Starting...
2025-06-17T20:54:29.033-03:00  INFO 35302 --- [gametester-system] [           main] com.zaxxer.hikari.pool.HikariPool        : HikariPool-1 - Added connection org.postgresql.jdbc.PgConnection@22cb3d59
2025-06-17T20:54:29.036-03:00  INFO 35302 --- [gametester-system] [           main] com.zaxxer.hikari.HikariDataSource       : HikariPool-1 - Start completed.
2025-06-17T20:54:29.159-03:00  INFO 35302 --- [gametester-system] [           main] o.hibernate.jpa.internal.util.LogHelper  : HHH000204: Processing PersistenceUnitInfo [name: default]
2025-06-17T20:54:29.220-03:00  INFO 35302 --- [gametester-system] [           main] org.hibernate.Version                    : HHH000412: Hibernate ORM core version 6.6.15.Final
2025-06-17T20:54:29.260-03:00  INFO 35302 --- [gametester-system] [           main] o.h.c.internal.RegionFactoryInitiator    : HHH000026: Second-level cache disabled
2025-06-17T20:54:29.609-03:00  INFO 35302 --- [gametester-system] [           main] o.s.o.j.p.SpringPersistenceUnitInfo      : No LoadTimeWeaver setup: ignoring JPA class transformer
2025-06-17T20:54:29.754-03:00  INFO 35302 --- [gametester-system] [           main] org.hibernate.orm.connections.pooling    : HHH10001005: Database info:
	Database JDBC URL [Connecting through datasource 'HikariDataSource (HikariPool-1)']
	Database driver: undefined/unknown
	Database version: 12.22
	Autocommit mode: undefined/unknown
	Isolation level: undefined/unknown
	Minimum pool size: undefined/unknown
	Maximum pool size: undefined/unknown
2025-06-17T20:54:31.058-03:00  INFO 35302 --- [gametester-system] [           main] o.h.e.t.j.p.i.JtaPlatformInitiator       : HHH000489: No JTA platform available (set 'hibernate.transaction.jta.platform' to enable JTA platform integration)
Hibernate: set client_min_messages = WARNING
Hibernate: alter table if exists bugs drop constraint if exists FKh3o9q9oj32y6111chq2naqr3l
Hibernate: alter table if exists projeto_membro drop constraint if exists FKs72tuej6wg9lyvo69100s3qg4
Hibernate: alter table if exists projeto_membro drop constraint if exists FKra330kqte00atr7frnit9ev3q
Hibernate: alter table if exists sessoes_teste drop constraint if exists FKg5ty22l973uw0r817f5n087uj
Hibernate: alter table if exists sessoes_teste drop constraint if exists FKo5srqav264y0ehhlauql9f2ni
Hibernate: alter table if exists sessoes_teste drop constraint if exists FKb5c8p1ss9ha7we533gevfeda
Hibernate: drop table if exists bugs cascade
Hibernate: drop table if exists estrategias cascade
Hibernate: drop table if exists projeto_membro cascade
Hibernate: drop table if exists projetos cascade
Hibernate: drop table if exists sessoes_teste cascade
Hibernate: drop table if exists usuarios cascade
Hibernate: create table bugs (id integer generated by default as identity, sessao_teste_id integer not null, data_registro timestamp(6), severidade varchar(20) not null check (severidade in ('BAIXA','MEDIA','ALTA')), descricao TEXT, screenshot_url varchar(255), primary key (id))
Hibernate: create table estrategias (id integer generated by default as identity, nome varchar(100) not null unique, descricao TEXT, dicas TEXT, exemplos TEXT, primary key (id))
Hibernate: create table projeto_membro (projeto_id integer not null, usuario_id bigint not null, primary key (projeto_id, usuario_id))
Hibernate: create table projetos (id integer generated by default as identity, data_criacao timestamp(6), descricao varchar(255), nome varchar(255), primary key (id))
Hibernate: create table sessoes_teste (estrategia_id integer not null, id integer generated by default as identity, projeto_id integer not null, tempo_sessao_minutos integer, data_hora_criacao timestamp(6) not null, data_hora_fim timestamp(6), data_hora_inicio timestamp(6), testador_id bigint not null, status varchar(20) check (status in ('CRIADO','EM_EXECUCAO','FINALIZADO')), descricao TEXT, primary key (id))
Hibernate: create table usuarios (id bigint generated by default as identity, tipoPerfil varchar(20) not null check (tipoPerfil in ('ROLE_ADMINISTRADOR','ROLE_TESTADOR')), email varchar(255) not null unique, nome varchar(255) not null, senha varchar(255) not null, primary key (id))
Hibernate: alter table if exists bugs add constraint FKh3o9q9oj32y6111chq2naqr3l foreign key (sessao_teste_id) references sessoes_teste
Hibernate: alter table if exists projeto_membro add constraint FKs72tuej6wg9lyvo69100s3qg4 foreign key (usuario_id) references usuarios
Hibernate: alter table if exists projeto_membro add constraint FKra330kqte00atr7frnit9ev3q foreign key (projeto_id) references projetos
Hibernate: alter table if exists sessoes_teste add constraint FKg5ty22l973uw0r817f5n087uj foreign key (estrategia_id) references estrategias
Hibernate: alter table if exists sessoes_teste add constraint FKo5srqav264y0ehhlauql9f2ni foreign key (projeto_id) references projetos
Hibernate: alter table if exists sessoes_teste add constraint FKb5c8p1ss9ha7we533gevfeda foreign key (testador_id) references usuarios
2025-06-17T20:54:31.195-03:00  INFO 35302 --- [gametester-system] [           main] j.LocalContainerEntityManagerFactoryBean : Initialized JPA EntityManagerFactory for persistence unit 'default'
2025-06-17T20:54:31.866-03:00  INFO 35302 --- [gametester-system] [           main] o.s.b.a.w.s.WelcomePageHandlerMapping    : Adding welcome page template: index
2025-06-17T20:54:32.144-03:00  INFO 35302 --- [gametester-system] [           main] r$InitializeUserDetailsManagerConfigurer : Global AuthenticationManager configured with UserDetailsService bean with name customUserDetailsService
2025-06-17T20:54:32.739-03:00  INFO 35302 --- [gametester-system] [           main] b.u.d.d.GameTesterSystemApplicationTests : Started GameTesterSystemApplicationTests in 6.342 seconds (process running for 7.656)
Hibernate: select count(*) from usuarios u1_0
### Criando dados iniciais com senhas CRIPTOGRAFADAS... ###
Hibernate: insert into usuarios (email,nome,senha,tipoPerfil) values (?,?,?,?)
Hibernate: insert into usuarios (email,nome,senha,tipoPerfil) values (?,?,?,?)
### Dados iniciais criados corretamente! ###
]]></system-out>
    <system-err><![CDATA[Mockito is currently self-attaching to enable the inline-mock-maker. This will no longer work in future releases of the JDK. Please add Mockito as an agent to your build as described in Mockito's documentation: https://javadoc.io/doc/org.mockito/mockito-core/latest/org.mockito/org/mockito/Mockito.html#0.3
WARNING: A Java agent has been loaded dynamically (/home/luiz/.m2/repository/net/bytebuddy/byte-buddy-agent/1.17.5/byte-buddy-agent-1.17.5.jar)
WARNING: If a serviceability tool is in use, please run with -XX:+EnableDynamicAgentLoading to hide this warning
WARNING: If a serviceability tool is not in use, please run with -Djdk.instrument.traceUsage for more information
WARNING: Dynamic loading of agents will be disallowed by default in a future release
]]></system-err>
  </testcase>
</testsuite>